[1m.\crud.py[m[36m:[m6[36m:[m1[36m:[m [1m[31mE302[m expected 2 blank lines, found 1
[1m.\crud.py[m[36m:[m7[36m:[m80[36m:[m [1m[31mE501[m line too long (146 > 79 characters)
[1m.\crud.py[m[36m:[m9[36m:[m1[36m:[m [1m[31mE302[m expected 2 blank lines, found 1
[1m.\crud.py[m[36m:[m10[36m:[m17[36m:[m [1m[31mW291[m trailing whitespace
[1m.\crud.py[m[36m:[m11[36m:[m19[36m:[m [1m[31mW291[m trailing whitespace
[1m.\crud.py[m[36m:[m12[36m:[m22[36m:[m [1m[31mW291[m trailing whitespace
[1m.\crud.py[m[36m:[m13[36m:[m38[36m:[m [1m[31mW291[m trailing whitespace
[1m.\crud.py[m[36m:[m17[36m:[m80[36m:[m [1m[31mE501[m line too long (105 > 79 characters)
[1m.\crud.py[m[36m:[m26[36m:[m1[36m:[m [1m[31mE302[m expected 2 blank lines, found 1
[1m.\crud.py[m[36m:[m41[36m:[m1[36m:[m [1m[31mE302[m expected 2 blank lines, found 1
[1m.\crud.py[m[36m:[m46[36m:[m80[36m:[m [1m[31mE501[m line too long (132 > 79 characters)
[1m.\crud.py[m[36m:[m47[36m:[m14[36m:[m [1m[31mE111[m indentation is not a multiple of 4
[1m.\crud.py[m[36m:[m47[36m:[m14[36m:[m [1m[31mE117[m over-indented
[1m.\crud.py[m[36m:[m47[36m:[m80[36m:[m [1m[31mE501[m line too long (87 > 79 characters)
[1m.\crud.py[m[36m:[m48[36m:[m80[36m:[m [1m[31mE501[m line too long (138 > 79 characters)
[1m.\crud.py[m[36m:[m49[36m:[m14[36m:[m [1m[31mE111[m indentation is not a multiple of 4
[1m.\crud.py[m[36m:[m49[36m:[m14[36m:[m [1m[31mE117[m over-indented
[1m.\crud.py[m[36m:[m49[36m:[m80[36m:[m [1m[31mE501[m line too long (87 > 79 characters)
[1m.\crud.py[m[36m:[m50[36m:[m80[36m:[m [1m[31mE501[m line too long (124 > 79 characters)
[1m.\crud.py[m[36m:[m51[36m:[m14[36m:[m [1m[31mE111[m indentation is not a multiple of 4
[1m.\crud.py[m[36m:[m51[36m:[m14[36m:[m [1m[31mE117[m over-indented
[1m.\crud.py[m[36m:[m51[36m:[m80[36m:[m [1m[31mE501[m line too long (83 > 79 characters)
[1m.\crud.py[m[36m:[m61[36m:[m1[36m:[m [1m[31mE302[m expected 2 blank lines, found 1
[1m.\crud.py[m[36m:[m62[36m:[m80[36m:[m [1m[31mE501[m line too long (141 > 79 characters)
[1m.\crud.py[m[36m:[m62[36m:[m120[36m:[m [1m[31mE261[m at least two spaces before inline comment
[1m.\crud.py[m[36m:[m67[36m:[m1[36m:[m [1m[31mW293[m blank line contains whitespace
[1m.\crud.py[m[36m:[m73[36m:[m1[36m:[m [1m[31mE302[m expected 2 blank lines, found 1
[1m.\crud.py[m[36m:[m74[36m:[m80[36m:[m [1m[31mE501[m line too long (83 > 79 characters)
[1m.\crud.py[m[36m:[m76[36m:[m1[36m:[m [1m[31mE302[m expected 2 blank lines, found 1
[1m.\crud.py[m[36m:[m79[36m:[m1[36m:[m [1m[31mE302[m expected 2 blank lines, found 1
[1m.\crud.py[m[36m:[m82[36m:[m1[36m:[m [1m[31mE302[m expected 2 blank lines, found 1
[1m.\crud.py[m[36m:[m89[36m:[m1[36m:[m [1m[31mE302[m expected 2 blank lines, found 1
[1m.\crud.py[m[36m:[m89[36m:[m80[36m:[m [1m[31mE501[m line too long (88 > 79 characters)
[1m.\crud.py[m[36m:[m96[36m:[m80[36m:[m [1m[31mE501[m line too long (88 > 79 characters)
[1m.\crud.py[m[36m:[m103[36m:[m1[36m:[m [1m[31mE302[m expected 2 blank lines, found 1
[1m.\crud.py[m[36m:[m110[36m:[m1[36m:[m [1m[31mE302[m expected 2 blank lines, found 1
[1m.\crud.py[m[36m:[m113[36m:[m1[36m:[m [1m[31mE302[m expected 2 blank lines, found 1
[1m.\crud.py[m[36m:[m116[36m:[m1[36m:[m [1m[31mE302[m expected 2 blank lines, found 1
[1m.\crud.py[m[36m:[m119[36m:[m1[36m:[m [1m[31mE302[m expected 2 blank lines, found 1
[1m.\crud.py[m[36m:[m126[36m:[m1[36m:[m [1m[31mE302[m expected 2 blank lines, found 1
[1m.\crud.py[m[36m:[m126[36m:[m80[36m:[m [1m[31mE501[m line too long (80 > 79 characters)
[1m.\crud.py[m[36m:[m133[36m:[m80[36m:[m [1m[31mE501[m line too long (86 > 79 characters)
[1m.\crud.py[m[36m:[m140[36m:[m1[36m:[m [1m[31mE302[m expected 2 blank lines, found 1
[1m.\crud.py[m[36m:[m147[36m:[m1[36m:[m [1m[31mE302[m expected 2 blank lines, found 1
[1m.\crud.py[m[36m:[m150[36m:[m1[36m:[m [1m[31mE302[m expected 2 blank lines, found 1
[1m.\crud.py[m[36m:[m153[36m:[m1[36m:[m [1m[31mE302[m expected 2 blank lines, found 1
[1m.\crud.py[m[36m:[m156[36m:[m1[36m:[m [1m[31mE302[m expected 2 blank lines, found 1
[1m.\crud.py[m[36m:[m163[36m:[m1[36m:[m [1m[31mE302[m expected 2 blank lines, found 1
[1m.\crud.py[m[36m:[m163[36m:[m80[36m:[m [1m[31mE501[m line too long (80 > 79 characters)
[1m.\crud.py[m[36m:[m170[36m:[m80[36m:[m [1m[31mE501[m line too long (86 > 79 characters)
[1m.\crud.py[m[36m:[m177[36m:[m1[36m:[m [1m[31mE302[m expected 2 blank lines, found 1
[1m.\crud.py[m[36m:[m186[36m:[m1[36m:[m [1m[31mE302[m expected 2 blank lines, found 1
[1m.\crud.py[m[36m:[m193[36m:[m1[36m:[m [1m[31mE302[m expected 2 blank lines, found 1
[1m.\crud.py[m[36m:[m197[36m:[m34[36m:[m [1m[31mE261[m at least two spaces before inline comment
[1m.\crud.py[m[36m:[m199[36m:[m80[36m:[m [1m[31mE501[m line too long (99 > 79 characters)
[1m.\crud.py[m[36m:[m208[36m:[m1[36m:[m [1m[31mE302[m expected 2 blank lines, found 1
[1m.\crud.py[m[36m:[m209[36m:[m80[36m:[m [1m[31mE501[m line too long (84 > 79 characters)
[1m.\crud.py[m[36m:[m228[36m:[m63[36m:[m [1m[31mE261[m at least two spaces before inline comment
[1m.\crud.py[m[36m:[m231[36m:[m1[36m:[m [1m[31mE302[m expected 2 blank lines, found 1
[1m.\crud.py[m[36m:[m231[36m:[m80[36m:[m [1m[31mE501[m line too long (88 > 79 characters)
[1m.\crud.py[m[36m:[m233[36m:[m80[36m:[m [1m[31mE501[m line too long (81 > 79 characters)
[1m.\crud.py[m[36m:[m239[36m:[m80[36m:[m [1m[31mE501[m line too long (81 > 79 characters)
[1m.\crud.py[m[36m:[m241[36m:[m80[36m:[m [1m[31mE501[m line too long (90 > 79 characters)
[1m.\crud.py[m[36m:[m242[36m:[m1[36m:[m [1m[31mW293[m blank line contains whitespace
[1m.\crud.py[m[36m:[m246[36m:[m80[36m:[m [1m[31mE501[m line too long (86 > 79 characters)
[1m.\crud.py[m[36m:[m252[36m:[m24[36m:[m [1m[31mE261[m at least two spaces before inline comment
[1m.\crud.py[m[36m:[m253[36m:[m14[36m:[m [1m[31mE111[m indentation is not a multiple of 4
[1m.\crud.py[m[36m:[m253[36m:[m14[36m:[m [1m[31mE117[m over-indented
[1m.\crud.py[m[36m:[m258[36m:[m67[36m:[m [1m[31mE261[m at least two spaces before inline comment
[1m.\crud.py[m[36m:[m258[36m:[m80[36m:[m [1m[31mE501[m line too long (82 > 79 characters)
[1m.\crud.py[m[36m:[m261[36m:[m1[36m:[m [1m[31mE302[m expected 2 blank lines, found 1
[1m.\crud.py[m[36m:[m263[36m:[m80[36m:[m [1m[31mE501[m line too long (89 > 79 characters)
[1m.\crud.py[m[36m:[m267[36m:[m22[36m:[m [1m[31mE261[m at least two spaces before inline comment
[1m.\database.py[m[36m:[m1[36m:[m1[36m:[m [1m[31mF401[m 'os' imported but unused
[1m.\database.py[m[36m:[m12[36m:[m71[36m:[m [1m[31mE261[m at least two spaces before inline comment
[1m.\database.py[m[36m:[m12[36m:[m80[36m:[m [1m[31mE501[m line too long (95 > 79 characters)
[1m.\database.py[m[36m:[m23[36m:[m80[36m:[m [1m[31mE501[m line too long (127 > 79 characters)
[1m.\database.py[m[36m:[m33[36m:[m1[36m:[m [1m[31mE302[m expected 2 blank lines, found 1
[1m.\main.py[m[36m:[m10[36m:[m1[36m:[m [1m[31mF401[m '.database.SessionLocal' imported but unused
[1m.\main.py[m[36m:[m19[36m:[m52[36m:[m [1m[31mE261[m at least two spaces before inline comment
[1m.\main.py[m[36m:[m22[36m:[m1[36m:[m [1m[31mE302[m expected 2 blank lines, found 1
[1m.\main.py[m[36m:[m24[36m:[m58[36m:[m [1m[31mE261[m at least two spaces before inline comment
[1m.\main.py[m[36m:[m27[36m:[m30[36m:[m [1m[31mE261[m at least two spaces before inline comment
[1m.\main.py[m[36m:[m28[36m:[m20[36m:[m [1m[31mE261[m at least two spaces before inline comment
[1m.\main.py[m[36m:[m29[36m:[m31[36m:[m [1m[31mE261[m at least two spaces before inline comment
[1m.\main.py[m[36m:[m34[36m:[m57[36m:[m [1m[31mE261[m at least two spaces before inline comment
[1m.\main.py[m[36m:[m50[36m:[m25[36m:[m [1m[31mE261[m at least two spaces before inline comment
[1m.\main.py[m[36m:[m51[36m:[m25[36m:[m [1m[31mE261[m at least two spaces before inline comment
[1m.\main.py[m[36m:[m57[36m:[m1[36m:[m [1m[31mE302[m expected 2 blank lines, found 1
[1m.\main.py[m[36m:[m64[36m:[m1[36m:[m [1m[31mE302[m expected 2 blank lines, found 1
[1m.\main.py[m[36m:[m64[36m:[m80[36m:[m [1m[31mE501[m line too long (100 > 79 characters)
[1m.\main.py[m[36m:[m65[36m:[m80[36m:[m [1m[31mE501[m line too long (82 > 79 characters)
[1m.\main.py[m[36m:[m72[36m:[m80[36m:[m [1m[31mE501[m line too long (86 > 79 characters)
[1m.\main.py[m[36m:[m75[36m:[m1[36m:[m [1m[31mE302[m expected 2 blank lines, found 1
[1m.\main.py[m[36m:[m75[36m:[m80[36m:[m [1m[31mE501[m line too long (103 > 79 characters)
[1m.\main.py[m[36m:[m76[36m:[m80[36m:[m [1m[31mE501[m line too long (85 > 79 characters)
[1m.\main.py[m[36m:[m81[36m:[m1[36m:[m [1m[31mE302[m expected 2 blank lines, found 1
[1m.\main.py[m[36m:[m81[36m:[m80[36m:[m [1m[31mE501[m line too long (114 > 79 characters)
[1m.\main.py[m[36m:[m91[36m:[m1[36m:[m [1m[31mE302[m expected 2 blank lines, found 1
[1m.\main.py[m[36m:[m91[36m:[m80[36m:[m [1m[31mE501[m line too long (92 > 79 characters)
[1m.\main.py[m[36m:[m98[36m:[m80[36m:[m [1m[31mE501[m line too long (84 > 79 characters)
[1m.\main.py[m[36m:[m101[36m:[m1[36m:[m [1m[31mE302[m expected 2 blank lines, found 1
[1m.\main.py[m[36m:[m101[36m:[m80[36m:[m [1m[31mE501[m line too long (95 > 79 characters)
[1m.\main.py[m[36m:[m102[36m:[m80[36m:[m [1m[31mE501[m line too long (83 > 79 characters)
[1m.\main.py[m[36m:[m107[36m:[m1[36m:[m [1m[31mE302[m expected 2 blank lines, found 1
[1m.\main.py[m[36m:[m107[36m:[m80[36m:[m [1m[31mE501[m line too long (108 > 79 characters)
[1m.\main.py[m[36m:[m117[36m:[m1[36m:[m [1m[31mE302[m expected 2 blank lines, found 1
[1m.\main.py[m[36m:[m117[36m:[m80[36m:[m [1m[31mE501[m line too long (92 > 79 characters)
[1m.\main.py[m[36m:[m125[36m:[m80[36m:[m [1m[31mE501[m line too long (84 > 79 characters)
[1m.\main.py[m[36m:[m128[36m:[m1[36m:[m [1m[31mE302[m expected 2 blank lines, found 1
[1m.\main.py[m[36m:[m128[36m:[m80[36m:[m [1m[31mE501[m line too long (95 > 79 characters)
[1m.\main.py[m[36m:[m129[36m:[m80[36m:[m [1m[31mE501[m line too long (83 > 79 characters)
[1m.\main.py[m[36m:[m136[36m:[m1[36m:[m [1m[31mE302[m expected 2 blank lines, found 1
[1m.\main.py[m[36m:[m136[36m:[m80[36m:[m [1m[31mE501[m line too long (107 > 79 characters)
[1m.\main.py[m[36m:[m144[36m:[m80[36m:[m [1m[31mE501[m line too long (88 > 79 characters)
[1m.\main.py[m[36m:[m147[36m:[m44[36m:[m [1m[31mE261[m at least two spaces before inline comment
[1m.\main.py[m[36m:[m148[36m:[m80[36m:[m [1m[31mE501[m line too long (82 > 79 characters)
[1m.\main.py[m[36m:[m150[36m:[m1[36m:[m [1m[31mE302[m expected 2 blank lines, found 1
[1m.\main.py[m[36m:[m150[36m:[m80[36m:[m [1m[31mE501[m line too long (106 > 79 characters)
[1m.\main.py[m[36m:[m154[36m:[m38[36m:[m [1m[31mE261[m at least two spaces before inline comment
[1m.\main.py[m[36m:[m155[36m:[m38[36m:[m [1m[31mE261[m at least two spaces before inline comment
[1m.\main.py[m[36m:[m156[36m:[m36[36m:[m [1m[31mE261[m at least two spaces before inline comment
[1m.\main.py[m[36m:[m159[36m:[m80[36m:[m [1m[31mE501[m line too long (86 > 79 characters)
[1m.\main.py[m[36m:[m161[36m:[m80[36m:[m [1m[31mE501[m line too long (119 > 79 characters)
[1m.\main.py[m[36m:[m164[36m:[m1[36m:[m [1m[31mE302[m expected 2 blank lines, found 1
[1m.\main.py[m[36m:[m164[36m:[m80[36m:[m [1m[31mE501[m line too long (112 > 79 characters)
[1m.\main.py[m[36m:[m167[36m:[m49[36m:[m [1m[31mE261[m at least two spaces before inline comment
[1m.\main.py[m[36m:[m167[36m:[m80[36m:[m [1m[31mE501[m line too long (88 > 79 characters)
[1m.\main.py[m[36m:[m173[36m:[m80[36m:[m [1m[31mE501[m line too long (83 > 79 characters)
[1m.\main.py[m[36m:[m188[36m:[m80[36m:[m [1m[31mE501[m line too long (111 > 79 characters)
[1m.\main.py[m[36m:[m189[36m:[m80[36m:[m [1m[31mE501[m line too long (106 > 79 characters)
[1m.\main.py[m[36m:[m191[36m:[m80[36m:[m [1m[31mE501[m line too long (98 > 79 characters)
[1m.\main.py[m[36m:[m198[36m:[m1[36m:[m [1m[31mE302[m expected 2 blank lines, found 1
[1m.\main.py[m[36m:[m198[36m:[m80[36m:[m [1m[31mE501[m line too long (114 > 79 characters)
[1m.\main.py[m[36m:[m203[36m:[m22[36m:[m [1m[31mE261[m at least two spaces before inline comment
[1m.\main.py[m[36m:[m207[36m:[m1[36m:[m [1m[31mE302[m expected 2 blank lines, found 1
[1m.\main.py[m[36m:[m207[36m:[m80[36m:[m [1m[31mE501[m line too long (107 > 79 characters)
[1m.\main.py[m[36m:[m214[36m:[m1[36m:[m [1m[31mE302[m expected 2 blank lines, found 1
[1m.\main.py[m[36m:[m214[36m:[m80[36m:[m [1m[31mE501[m line too long (101 > 79 characters)
[1m.\main.py[m[36m:[m215[36m:[m80[36m:[m [1m[31mE501[m line too long (98 > 79 characters)
[1m.\main.py[m[36m:[m217[36m:[m80[36m:[m [1m[31mE501[m line too long (86 > 79 characters)
[1m.\main.py[m[36m:[m224[36m:[m1[36m:[m [1m[31mE302[m expected 2 blank lines, found 1
[1m.\main.py[m[36m:[m224[36m:[m80[36m:[m [1m[31mE501[m line too long (104 > 79 characters)
[1m.\main.py[m[36m:[m229[36m:[m20[36m:[m [1m[31mE261[m at least two spaces before inline comment
[1m.\main.py[m[36m:[m232[36m:[m1[36m:[m [1m[31mE302[m expected 2 blank lines, found 1
[1m.\main.py[m[36m:[m232[36m:[m80[36m:[m [1m[31mE501[m line too long (104 > 79 characters)
[1m.\main.py[m[36m:[m239[36m:[m1[36m:[m [1m[31mE302[m expected 2 blank lines, found 1
[1m.\main.py[m[36m:[m239[36m:[m80[36m:[m [1m[31mE501[m line too long (101 > 79 characters)
[1m.\main.py[m[36m:[m240[36m:[m80[36m:[m [1m[31mE501[m line too long (98 > 79 characters)
[1m.\main.py[m[36m:[m242[36m:[m80[36m:[m [1m[31mE501[m line too long (86 > 79 characters)
[1m.\main.py[m[36m:[m249[36m:[m1[36m:[m [1m[31mE302[m expected 2 blank lines, found 1
[1m.\main.py[m[36m:[m249[36m:[m80[36m:[m [1m[31mE501[m line too long (104 > 79 characters)
[1m.\main.py[m[36m:[m254[36m:[m20[36m:[m [1m[31mE261[m at least two spaces before inline comment
[1m.\main.py[m[36m:[m258[36m:[m80[36m:[m [1m[31mE501[m line too long (118 > 79 characters)
[1m.\main.py[m[36m:[m259[36m:[m80[36m:[m [1m[31mE501[m line too long (94 > 79 characters)
[1m.\main.py[m[36m:[m263[36m:[m80[36m:[m [1m[31mE501[m line too long (80 > 79 characters)
[1m.\main.py[m[36m:[m267[36m:[m28[36m:[m [1m[31mE261[m at least two spaces before inline comment
[1m.\main.py[m[36m:[m270[36m:[m44[36m:[m [1m[31mE261[m at least two spaces before inline comment
[1m.\main.py[m[36m:[m271[36m:[m80[36m:[m [1m[31mE501[m line too long (82 > 79 characters)
[1m.\main.py[m[36m:[m273[36m:[m1[36m:[m [1m[31mE302[m expected 2 blank lines, found 1
[1m.\main.py[m[36m:[m273[36m:[m80[36m:[m [1m[31mE501[m line too long (105 > 79 characters)
[1m.\main.py[m[36m:[m282[36m:[m44[36m:[m [1m[31mE261[m at least two spaces before inline comment
[1m.\main.py[m[36m:[m283[36m:[m80[36m:[m [1m[31mE501[m line too long (82 > 79 characters)
[1m.\main.py[m[36m:[m299[36m:[m80[36m:[m [1m[31mE501[m line too long (84 > 79 characters)
[1m.\main.py[m[36m:[m302[36m:[m80[36m:[m [1m[31mE501[m line too long (100 > 79 characters)
[1m.\main.py[m[36m:[m303[36m:[m80[36m:[m [1m[31mE501[m line too long (82 > 79 characters)
[1m.\main.py[m[36m:[m307[36m:[m28[36m:[m [1m[31mE261[m at least two spaces before inline comment
[1m.\main.py[m[36m:[m311[36m:[m80[36m:[m [1m[31mE501[m line too long (82 > 79 characters)
[1m.\main.py[m[36m:[m313[36m:[m1[36m:[m [1m[31mE302[m expected 2 blank lines, found 1
[1m.\main.py[m[36m:[m313[36m:[m80[36m:[m [1m[31mE501[m line too long (103 > 79 characters)
[1m.\main.py[m[36m:[m317[36m:[m35[36m:[m [1m[31mE261[m at least two spaces before inline comment
[1m.\main.py[m[36m:[m322[36m:[m80[36m:[m [1m[31mE501[m line too long (81 > 79 characters)
[1m.\main.py[m[36m:[m326[36m:[m80[36m:[m [1m[31mE501[m line too long (82 > 79 characters)
[1m.\main.py[m[36m:[m328[36m:[m1[36m:[m [1m[31mE302[m expected 2 blank lines, found 1
[1m.\main.py[m[36m:[m328[36m:[m80[36m:[m [1m[31mE501[m line too long (114 > 79 characters)
[1m.\main.py[m[36m:[m338[36m:[m80[36m:[m [1m[31mE501[m line too long (82 > 79 characters)
[1m.\main.py[m[36m:[m340[36m:[m1[36m:[m [1m[31mE302[m expected 2 blank lines, found 1
[1m.\main.py[m[36m:[m340[36m:[m80[36m:[m [1m[31mE501[m line too long (111 > 79 characters)
[1m.\main.py[m[36m:[m341[36m:[m80[36m:[m [1m[31mE501[m line too long (106 > 79 characters)
[1m.\main.py[m[36m:[m344[36m:[m80[36m:[m [1m[31mE501[m line too long (98 > 79 characters)
[1m.\main.py[m[36m:[m348[36m:[m28[36m:[m [1m[31mE261[m at least two spaces before inline comment
[1m.\main.py[m[36m:[m352[36m:[m80[36m:[m [1m[31mE501[m line too long (82 > 79 characters)
[1m.\main.py[m[36m:[m354[36m:[m1[36m:[m [1m[31mE302[m expected 2 blank lines, found 1
[1m.\main.py[m[36m:[m354[36m:[m80[36m:[m [1m[31mE501[m line too long (114 > 79 characters)
[1m.\main.py[m[36m:[m361[36m:[m26[36m:[m [1m[31mE261[m at least two spaces before inline comment
[1m.\main.py[m[36m:[m364[36m:[m80[36m:[m [1m[31mE501[m line too long (82 > 79 characters)
[1m.\main.py[m[36m:[m373[36m:[m1[36m:[m [1m[31mE302[m expected 2 blank lines, found 1
[1m.\main.py[m[36m:[m376[36m:[m1[36m:[m [1m[31mE302[m expected 2 blank lines, found 1
[1m.\main.py[m[36m:[m376[36m:[m80[36m:[m [1m[31mE501[m line too long (180 > 79 characters)
[1m.\main.py[m[36m:[m389[36m:[m80[36m:[m [1m[31mE501[m line too long (173 > 79 characters)
[1m.\main.py[m[36m:[m396[36m:[m80[36m:[m [1m[31mE501[m line too long (125 > 79 characters)
[1m.\main.py[m[36m:[m397[36m:[m80[36m:[m [1m[31mE501[m line too long (125 > 79 characters)
[1m.\main.py[m[36m:[m398[36m:[m80[36m:[m [1m[31mE501[m line too long (87 > 79 characters)
[1m.\main.py[m[36m:[m405[36m:[m80[36m:[m [1m[31mE501[m line too long (92 > 79 characters)
[1m.\main.py[m[36m:[m408[36m:[m80[36m:[m [1m[31mE501[m line too long (108 > 79 characters)
[1m.\models.py[m[36m:[m8[36m:[m1[36m:[m [1m[31mE302[m expected 2 blank lines, found 1
[1m.\models.py[m[36m:[m19[36m:[m1[36m:[m [1m[31mE302[m expected 2 blank lines, found 1
[1m.\models.py[m[36m:[m27[36m:[m1[36m:[m [1m[31mE302[m expected 2 blank lines, found 1
[1m.\models.py[m[36m:[m37[36m:[m1[36m:[m [1m[31mE302[m expected 2 blank lines, found 1
[1m.\models.py[m[36m:[m45[36m:[m80[36m:[m [1m[31mE501[m line too long (83 > 79 characters)
[1m.\models.py[m[36m:[m47[36m:[m80[36m:[m [1m[31mE501[m line too long (86 > 79 characters)
[1m.\models.py[m[36m:[m48[36m:[m80[36m:[m [1m[31mE501[m line too long (85 > 79 characters)
[1m.\models.py[m[36m:[m49[36m:[m80[36m:[m [1m[31mE501[m line too long (82 > 79 characters)
[1m.\models.py[m[36m:[m53[36m:[m80[36m:[m [1m[31mE501[m line too long (91 > 79 characters)
[1m.\models.py[m[36m:[m55[36m:[m1[36m:[m [1m[31mE302[m expected 2 blank lines, found 1
[1m.\schemas.py[m[36m:[m6[36m:[m1[36m:[m [1m[31mE302[m expected 2 blank lines, found 1
[1m.\schemas.py[m[36m:[m9[36m:[m1[36m:[m [1m[31mE302[m expected 2 blank lines, found 1
[1m.\schemas.py[m[36m:[m13[36m:[m1[36m:[m [1m[31mE302[m expected 2 blank lines, found 1
[1m.\schemas.py[m[36m:[m22[36m:[m1[36m:[m [1m[31mE302[m expected 2 blank lines, found 1
[1m.\schemas.py[m[36m:[m26[36m:[m1[36m:[m [1m[31mE302[m expected 2 blank lines, found 1
[1m.\schemas.py[m[36m:[m36[36m:[m1[36m:[m [1m[31mE302[m expected 2 blank lines, found 1
[1m.\schemas.py[m[36m:[m40[36m:[m1[36m:[m [1m[31mE302[m expected 2 blank lines, found 1
[1m.\schemas.py[m[36m:[m55[36m:[m35[36m:[m [1m[31mE261[m at least two spaces before inline comment
[1m.\schemas.py[m[36m:[m58[36m:[m1[36m:[m [1m[31mE302[m expected 2 blank lines, found 1
[1m.\schemas.py[m[36m:[m59[36m:[m9[36m:[m [1m[31mE261[m at least two spaces before inline comment
[1m.\schemas.py[m[36m:[m62[36m:[m1[36m:[m [1m[31mE302[m expected 2 blank lines, found 1
[1m.\schemas.py[m[36m:[m66[36m:[m37[36m:[m [1m[31mE261[m at least two spaces before inline comment
[1m.\schemas.py[m[36m:[m67[36m:[m37[36m:[m [1m[31mE261[m at least two spaces before inline comment
[1m.\schemas.py[m[36m:[m68[36m:[m35[36m:[m [1m[31mE261[m at least two spaces before inline comment
[1m.\schemas.py[m[36m:[m71[36m:[m80[36m:[m [1m[31mE501[m line too long (94 > 79 characters)
[1m.\schemas.py[m[36m:[m74[36m:[m1[36m:[m [1m[31mE302[m expected 2 blank lines, found 1
[1m.\schemas.py[m[36m:[m77[36m:[m17[36m:[m [1m[31mE261[m at least two spaces before inline comment
[1m.\schemas.py[m[36m:[m79[36m:[m35[36m:[m [1m[31mE261[m at least two spaces before inline comment
[1m.\schemas.py[m[36m:[m81[36m:[m1[36m:[m [1m[31mE302[m expected 2 blank lines, found 1
[1m.\schemas.py[m[36m:[m84[36m:[m1[36m:[m [1m[31mE302[m expected 2 blank lines, found 1
[1m.\schemas.py[m[36m:[m89[36m:[m35[36m:[m [1m[31mE261[m at least two spaces before inline comment
[1m.\schemas.py[m[36m:[m93[36m:[m1[36m:[m [1m[31mE302[m expected 2 blank lines, found 1
[1m.\schemas.py[m[36m:[m96[36m:[m1[36m:[m [1m[31mE302[m expected 2 blank lines, found 1
[1m.\schemas.py[m[36m:[m99[36m:[m80[36m:[m [1m[31mE501[m line too long (81 > 79 characters)
[1m.\schemas.py[m[36m:[m101[36m:[m1[36m:[m [1m[31mE302[m expected 2 blank lines, found 1
[1m.\schemas.py[m[36m:[m106[36m:[m1[36m:[m [1m[31mE302[m expected 2 blank lines, found 1
[1m.\schemas.py[m[36m:[m112[36m:[m1[36m:[m [1m[31mE302[m expected 2 blank lines, found 1
[1m.\schemas.py[m[36m:[m117[36m:[m34[36m:[m [1m[31mE261[m at least two spaces before inline comment
[1m.\schemas.py[m[36m:[m118[36m:[m34[36m:[m [1m[31mE261[m at least two spaces before inline comment
[1m.\schemas.py[m[36m:[m119[36m:[m80[36m:[m [1m[31mE501[m line too long (86 > 79 characters)
[1m.\schemas.py[m[36m:[m121[36m:[m1[36m:[m [1m[31mE302[m expected 2 blank lines, found 1
[1m.\schemas.py[m[36m:[m126[36m:[m38[36m:[m [1m[31mE261[m at least two spaces before inline comment
